irun(64): 15.20-s051: (c) Copyright 1995-2018 Cadence Design Systems, Inc.
TOOL:	irun(64)	15.20-s051: Started on Aug 07, 2024 at 12:23:51 IST
irun
	and.v
	and_tb.v
	-access +rwc
	-gui

-------------------------------------
Relinquished control to SimVision...
ncsim> 
ncsim> source /home/install/INCISIVE152/tools/inca/files/ncsimrc
ncsim> database -open waves -into waves.shm -default
Created default SHM database waves
ncsim> probe -create -shm tb.a tb.b tb.c
Created probe 1
ncsim> run
                   0a=0,b=0,c=0
                   5a=0,b=1,c=0
                  10a=1,b=0,c=0
                  15a=1,b=1,c=1
Simulation complete via $finish(1) at time 20 NS + 0
./and_tb.v:15 #20 $finish;
ncsim> ^C
ncsim> exit
...Regained control from SimVision
-------------------------------------
TOOL:	irun(64)	15.20-s051: Exiting on Aug 07, 2024 at 12:24:25 IST  (total: 00:00:34)
