ncsim(64): 15.20-s051: (c) Copyright 1995-2018 Cadence Design Systems, Inc.

-------------------------------------
Relinquished control to SimVision...
ncsim> 
ncsim> database -open waves -into waves.shm -default
Created default SHM database waves
ncsim> probe -create -shm tb.a tb.b tb.c
Created probe 1
ncsim> run
                   0a=0,b=0,c=0
                   5a=0,b=1,c=0
                  10a=1,b=0,c=0
                  15a=1,b=1,c=1
Simulation complete via $finish(1) at time 20 NS + 0
./and_tb.v:15 #20 $finish;
ncsim> run
ncsim: *E,RNFNSH: Cannot continue simulation due to a previous $finish.
ncsim> ^C
ncsim> exit
...Regained control from SimVision
-------------------------------------
ncsim: Memory Usage - 38.6M program + 166.2M data = 204.8M total (208.3M Peak)
ncsim: CPU Usage - 9.0s system + 8.4s user = 17.4s total (652.3s, 2.7% cpu)
